Построение начато 16.11.2012 20:47:40.
     1>Проект "C:\Users\Администратор\Documents\Visual Studio 2010\Projects\АПНС\frqvc\frqvc\frqvc.vcxproj" в узле 2 (целевые объекты build).
     1>InitializeBuildStatus:
         Создание "Debug\frqvc.unsuccessfulbuild", так как было задано "AlwaysCreate".
       ClCompile:
         Для всех выходных данных обновления не требуется.
         C:\Program Files\Microsoft Visual Studio 10.0\VC\bin\CL.exe /c /ZI /nologo /W3 /WX- /Od /Oy- /D WIN32 /D _WINDOWS /D _DEBUG /D _MBCS /D _AFXDLL /Gm /EHsc /RTC1 /MDd /GS /fp:precise /Zc:wchar_t /Zc:forScope /Yu"StdAfx.h" /Fp"Debug\frqvc.pch" /Fo"Debug\\" /Fd"Debug\vc100.pdb" /Gd /TP /analyze- /errorReport:prompt INT.cpp
         INT.cpp
     1>c:\users\администратор\documents\visual studio 2010\projects\апнс\frqvc\frqvc\int.cpp(118): warning C4554: |: проверьте порядок применения операторов на наличие ошибки; для четкого задания порядка используйте скобки
       ResourceCompile:
         Для всех выходных данных обновления не требуется.
       ManifestResourceCompile:
         Для всех выходных данных обновления не требуется.
       Link:
         C:\Program Files\Microsoft Visual Studio 10.0\VC\bin\link.exe /ERRORREPORT:PROMPT /OUT:"C:\Users\Администратор\Documents\Visual Studio 2010\Projects\АПНС\frqvc\Debug\frqvc.exe" /INCREMENTAL /NOLOGO /MANIFEST /ManifestFile:"Debug\frqvc.exe.intermediate.manifest" /MANIFESTUAC:"level='asInvoker' uiAccess='false'" /DEBUG /PDB:"C:\Users\Администратор\Documents\Visual Studio 2010\Projects\АПНС\frqvc\Debug\frqvc.pdb" /SUBSYSTEM:WINDOWS /TLBID:1 /DYNAMICBASE /NXCOMPAT /IMPLIB:"C:\Users\Администратор\Documents\Visual Studio 2010\Projects\АПНС\frqvc\Debug\frqvc.lib" /MACHINE:X86 Debug\frqvc.res
         Debug\frqvc.exe.embed.manifest.res
         Debug\CWebBrowser2.obj
         Debug\F.obj
         Debug\FILE.obj
         Debug\frqvc.obj
         Debug\frqvcDlg.obj
         Debug\INT.obj
         Debug\IO.obj
         Debug\R.obj
         Debug\READ.obj
         Debug\RED.obj
         Debug\SIZE.obj
         Debug\stdafx.obj
       Manifest:
         C:\Program Files\Microsoft SDKs\Windows\v7.0A\bin\mt.exe /nologo /verbose /out:"Debug\frqvc.exe.embed.manifest" /manifest Debug\frqvc.exe.intermediate.manifest "C:\Program Files\Microsoft Visual Studio 10.0\VC\Include\Manifest\dpiaware.manifest"
         Для всех выходных данных обновления не требуется.
       LinkEmbedManifest:
         Для всех выходных данных обновления не требуется.
         frqvc.vcxproj -> C:\Users\Администратор\Documents\Visual Studio 2010\Projects\АПНС\frqvc\Debug\frqvc.exe
       FinalizeBuildStatus:
         Файл "Debug\frqvc.unsuccessfulbuild" удаляется.
         Обращение к "Debug\frqvc.lastbuildstate".
     1>Построение проекта "C:\Users\Администратор\Documents\Visual Studio 2010\Projects\АПНС\frqvc\frqvc\frqvc.vcxproj" завершено (целевые объекты build).

Построение успешно завершено.

Затраченное время: 00:00:01.93
