C:\USERS\Администратор\DOCUMENTS\VISUAL STUDIO 2010\PROJECTS\АПНС\FRQVC\DEBUG\FRQVC.EXE
C:\USERS\Администратор\DOCUMENTS\VISUAL STUDIO 2010\PROJECTS\АПНС\FRQVC\DEBUG\FRQVC.ILK
C:\USERS\АДМИНИСТРАТОР\DOCUMENTS\VISUAL STUDIO 2010\PROJECTS\АПНС\FRQVC\DEBUG\FRQVC.PDB
C:\Users\Администратор\Documents\Visual Studio 2010\Projects\АПНС\frqvc\frqvc\Debug\cl.command.1.tlog
C:\Users\Администратор\Documents\Visual Studio 2010\Projects\АПНС\frqvc\frqvc\Debug\CL.read.1.tlog
C:\Users\Администратор\Documents\Visual Studio 2010\Projects\АПНС\frqvc\frqvc\Debug\CL.write.1.tlog
C:\USERS\Администратор\DOCUMENTS\VISUAL STUDIO 2010\PROJECTS\АПНС\FRQVC\FRQVC\DEBUG\FRQVC.EXE.EMBED.MANIFEST
C:\USERS\Администратор\DOCUMENTS\VISUAL STUDIO 2010\PROJECTS\АПНС\FRQVC\FRQVC\DEBUG\FRQVC.EXE.EMBED.MANIFEST.RES
C:\USERS\Администратор\DOCUMENTS\VISUAL STUDIO 2010\PROJECTS\АПНС\FRQVC\FRQVC\DEBUG\FRQVC.EXE.INTERMEDIATE.MANIFEST
C:\USERS\Администратор\DOCUMENTS\VISUAL STUDIO 2010\PROJECTS\АПНС\FRQVC\FRQVC\DEBUG\FRQVC.OBJ
C:\USERS\Администратор\DOCUMENTS\VISUAL STUDIO 2010\PROJECTS\АПНС\FRQVC\FRQVC\DEBUG\FRQVC.PCH
C:\USERS\Администратор\DOCUMENTS\VISUAL STUDIO 2010\PROJECTS\АПНС\FRQVC\FRQVC\DEBUG\FRQVC.RES
C:\Users\Администратор\Documents\Visual Studio 2010\Projects\АПНС\frqvc\frqvc\Debug\frqvc_manifest.rc
C:\USERS\Администратор\DOCUMENTS\VISUAL STUDIO 2010\PROJECTS\АПНС\FRQVC\FRQVC\DEBUG\FRQVCDLG.OBJ
C:\Users\Администратор\Documents\Visual Studio 2010\Projects\АПНС\frqvc\frqvc\Debug\link.command.1.tlog
C:\Users\Администратор\Documents\Visual Studio 2010\Projects\АПНС\frqvc\frqvc\Debug\link.read.1.tlog
C:\Users\Администратор\Documents\Visual Studio 2010\Projects\АПНС\frqvc\frqvc\Debug\link.write.1.tlog
C:\Users\Администратор\Documents\Visual Studio 2010\Projects\АПНС\frqvc\frqvc\Debug\link-cvtres.read.1.tlog
C:\Users\Администратор\Documents\Visual Studio 2010\Projects\АПНС\frqvc\frqvc\Debug\link-cvtres.write.1.tlog
C:\Users\Администратор\Documents\Visual Studio 2010\Projects\АПНС\frqvc\frqvc\Debug\mt.command.1.tlog
C:\Users\Администратор\Documents\Visual Studio 2010\Projects\АПНС\frqvc\frqvc\Debug\mt.read.1.tlog
C:\Users\Администратор\Documents\Visual Studio 2010\Projects\АПНС\frqvc\frqvc\Debug\mt.write.1.tlog
C:\Users\Администратор\Documents\Visual Studio 2010\Projects\АПНС\frqvc\frqvc\Debug\rc.command.1.tlog
C:\Users\Администратор\Documents\Visual Studio 2010\Projects\АПНС\frqvc\frqvc\Debug\rc.read.1.tlog
C:\Users\Администратор\Documents\Visual Studio 2010\Projects\АПНС\frqvc\frqvc\Debug\rc.write.1.tlog
C:\USERS\Администратор\DOCUMENTS\VISUAL STUDIO 2010\PROJECTS\АПНС\FRQVC\FRQVC\DEBUG\STDAFX.OBJ
C:\Users\Администратор\Documents\Visual Studio 2010\Projects\АПНС\frqvc\frqvc\Debug\vc100.idb
C:\USERS\АДМИНИСТРАТОР\DOCUMENTS\VISUAL STUDIO 2010\PROJECTS\АПНС\FRQVC\FRQVC\DEBUG\VC100.PDB
